[debug] [2026-03-26T16:13:44.122Z] ----------------------------------------------------------------------
[debug] [2026-03-26T16:13:44.129Z] Command:       /usr/local/bin/firebase /Users/einarjohnson/.cache/firebase/tools/lib/node_modules/firebase-tools/lib/bin/firebase deploy --only hosting
[debug] [2026-03-26T16:13:44.130Z] CLI Version:   15.4.0
[debug] [2026-03-26T16:13:44.130Z] Platform:      darwin
[debug] [2026-03-26T16:13:44.130Z] Node Version:  v20.18.2
[debug] [2026-03-26T16:13:44.130Z] Time:          Thu Mar 26 2026 09:13:44 GMT-0700 (Pacific Daylight Time)
[debug] [2026-03-26T16:13:44.131Z] ----------------------------------------------------------------------
[debug] 
[debug] [2026-03-26T16:13:44.134Z] >>> [apiv2][query] GET https://firebase-public.firebaseio.com/cli.json [none]
[debug] [2026-03-26T16:13:45.204Z] > command requires scopes: ["email","openid","https://www.googleapis.com/auth/cloudplatformprojects.readonly","https://www.googleapis.com/auth/firebase","https://www.googleapis.com/auth/cloud-platform"]
[debug] [2026-03-26T16:13:45.205Z] > authorizing via signed-in user (einar@revivrstudios.com)
[debug] [2026-03-26T16:13:45.206Z] [iam] checking project revivr-studios for permissions ["firebase.projects.get","firebasehosting.sites.update"]
[debug] [2026-03-26T16:13:45.207Z] Checked if tokens are valid: false, expires at: 1771354560137
[debug] [2026-03-26T16:13:45.208Z] Checked if tokens are valid: false, expires at: 1771354560137
[debug] [2026-03-26T16:13:45.208Z] > refreshing access token with scopes: []
[debug] [2026-03-26T16:13:45.214Z] >>> [apiv2][query] POST https://www.googleapis.com/oauth2/v3/token [none]
[debug] [2026-03-26T16:13:45.214Z] >>> [apiv2][body] POST https://www.googleapis.com/oauth2/v3/token [omitted]
[debug] [2026-03-26T16:13:45.443Z] <<< [apiv2][status] GET https://firebase-public.firebaseio.com/cli.json 200
[debug] [2026-03-26T16:13:45.443Z] <<< [apiv2][body] GET https://firebase-public.firebaseio.com/cli.json {"cloudBuildErrorAfter":1594252800000,"cloudBuildWarnAfter":1590019200000,"defaultNode10After":1594252800000,"minVersion":"3.0.5","node8DeploysDisabledAfter":1613390400000,"node8RuntimeDisabledAfter":1615809600000,"node8WarnAfter":1600128000000}
[debug] [2026-03-26T16:13:45.458Z] <<< [apiv2][status] POST https://www.googleapis.com/oauth2/v3/token 400
[debug] [2026-03-26T16:13:45.458Z] <<< [apiv2][body] POST https://www.googleapis.com/oauth2/v3/token [omitted]
[error] Authentication Error: Your credentials are no longer valid. Please run firebase login --reauth

For CI servers and headless environments, generate a new token with firebase login:ci
[error] Authentication Error: Your credentials are no longer valid. Please run firebase login --reauth

For CI servers and headless environments, generate a new token with firebase login:ci
[debug] [2026-03-26T16:13:45.459Z] [iam] error while checking permissions, command may fail: Authentication Error: Your credentials are no longer valid. Please run firebase login --reauth

For CI servers and headless environments, generate a new token with firebase login:ci
[debug] [2026-03-26T16:13:45.460Z] Checked if tokens are valid: false, expires at: 1771354560137
[debug] [2026-03-26T16:13:45.460Z] Checked if tokens are valid: false, expires at: 1771354560137
[debug] [2026-03-26T16:13:45.460Z] > refreshing access token with scopes: []
[debug] [2026-03-26T16:13:45.460Z] >>> [apiv2][query] POST https://www.googleapis.com/oauth2/v3/token [none]
[debug] [2026-03-26T16:13:45.460Z] >>> [apiv2][body] POST https://www.googleapis.com/oauth2/v3/token [omitted]
[debug] [2026-03-26T16:13:45.543Z] <<< [apiv2][status] POST https://www.googleapis.com/oauth2/v3/token 400
[debug] [2026-03-26T16:13:45.543Z] <<< [apiv2][body] POST https://www.googleapis.com/oauth2/v3/token [omitted]
[error] Authentication Error: Your credentials are no longer valid. Please run firebase login --reauth

For CI servers and headless environments, generate a new token with firebase login:ci
[error] Authentication Error: Your credentials are no longer valid. Please run firebase login --reauth

For CI servers and headless environments, generate a new token with firebase login:ci
[debug] [2026-03-26T16:13:45.543Z] Authentication Error: Your credentials are no longer valid. Please run firebase login --reauth

For CI servers and headless environments, generate a new token with firebase login:ci
[error] 
[error] Error: Assertion failed: resolving hosting target of a site with no site name or target name. This should have caused an error earlier
